2021-04-02 05:44:06:446 [32minfo[39m: [32mServer running at http://localhost:8080[39m
2021-04-02 09:28:07:287 [32minfo[39m: [32mPOST /body_parser 200 0.956 ms - 22[39m
2021-04-02 09:28:10:2810 [32minfo[39m: [32mPOST /body_parser 200 0.264 ms - 22[39m
2021-04-02 09:28:18:2818 [32minfo[39m: [32mPOST /body_parser 200 0.186 ms - 22[39m
2021-04-02 09:28:19:2819 [32minfo[39m: [32mPOST /body_parser 200 0.181 ms - 22[39m
2021-04-02 09:28:33:2833 [32minfo[39m: [32mPOST /body_parser 200 0.143 ms - 22[39m
2021-04-02 09:28:34:2834 [32minfo[39m: [32mPOST /body_parser 200 0.279 ms - 22[39m
2021-04-02 09:28:48:2848 [32minfo[39m: [32mPOST /body_parser 200 0.378 ms - 22[39m
2021-04-02 09:28:48:2848 [32minfo[39m: [32mPOST /body_parser 404 0.700 ms - 151[39m
2021-04-02 09:30:35:3035 [32minfo[39m: [32mGET /test_content_type 404 1.085 ms - 156[39m
2021-04-02 09:32:37:3237 [32minfo[39m: [32mGET /content_type 200 1.337 ms - 0[39m
2021-04-02 09:32:37:3237 [32minfo[39m: [32mPOST /body_parser 200 0.451 ms - 22[39m
2021-04-02 09:32:40:3240 [32minfo[39m: [32mGET /content_type 200 0.177 ms - 0[39m
2021-04-02 09:32:40:3240 [32minfo[39m: [32mPOST /body_parser 200 0.222 ms - 22[39m
2021-04-02 09:32:50:3250 [32minfo[39m: [32mGET /content_type 200 0.283 ms - 0[39m
2021-04-02 09:32:50:3250 [32minfo[39m: [32mPOST /body_parser 200 0.140 ms - 22[39m
2021-04-02 09:32:50:3250 [32minfo[39m: [32mGET /content_type 200 0.165 ms - 0[39m
2021-04-02 09:34:36:3436 [32minfo[39m: [32mGET /content_type 200 1.090 ms - 0[39m
2021-04-02 09:34:36:3436 [32minfo[39m: [32mGET /content_type_xml 200 0.210 ms - 0[39m
2021-04-02 09:34:36:3436 [32minfo[39m: [32mGET /content_type 200 0.403 ms - 0[39m
2021-04-02 09:34:36:3436 [32minfo[39m: [32mPOST /body_parser 200 0.321 ms - 22[39m
2021-04-02 09:34:39:3439 [32minfo[39m: [32mGET /content_type 200 0.163 ms - 0[39m
2021-04-02 09:34:39:3439 [32minfo[39m: [32mGET /content_type_xml 200 0.214 ms - 0[39m
2021-04-02 09:34:39:3439 [32minfo[39m: [32mPOST /body_parser 200 0.213 ms - 22[39m
2021-04-02 09:34:40:3440 [32minfo[39m: [32mGET /content_type 200 0.121 ms - 0[39m
2021-04-02 09:34:45:3445 [32minfo[39m: [32mGET /content_type 200 0.137 ms - 0[39m
2021-04-02 09:34:45:3445 [32minfo[39m: [32mGET /content_type_xml 200 0.157 ms - 0[39m
2021-04-02 09:34:45:3445 [32minfo[39m: [32mPOST /body_parser 200 0.415 ms - 22[39m
2021-04-02 09:34:45:3445 [32minfo[39m: [32mGET /content_type 200 0.186 ms - 0[39m
2021-04-02 09:34:59:3459 [32minfo[39m: [32mGET /content_type 200 0.194 ms - 0[39m
2021-04-02 09:34:59:3459 [32minfo[39m: [32mGET /content_type_xml 200 0.097 ms - 0[39m
2021-04-02 09:35:00:350 [32minfo[39m: [32mGET /content_type 200 0.120 ms - 0[39m
2021-04-02 09:35:00:350 [32minfo[39m: [32mPOST /body_parser 200 0.207 ms - 22[39m
2021-04-02 09:35:08:358 [32minfo[39m: [32mGET /content_type 200 0.169 ms - 0[39m
2021-04-02 09:35:08:358 [32minfo[39m: [32mGET /content_type_xml 200 0.112 ms - 0[39m
2021-04-02 09:35:09:359 [32minfo[39m: [32mPOST /body_parser 200 0.146 ms - 22[39m
2021-04-02 09:35:09:359 [32minfo[39m: [32mGET /content_type 200 0.218 ms - 0[39m
2021-04-02 09:35:09:359 [32minfo[39m: [32mGET /content_type 200 0.222 ms - 0[39m
2021-04-02 09:35:34:3534 [32minfo[39m: [32mGET /content_type 200 1.450 ms - 0[39m
2021-04-02 09:35:34:3534 [32minfo[39m: [32mGET /content_type_xml 200 0.310 ms - 0[39m
2021-04-02 09:35:34:3534 [32minfo[39m: [32mGET /content_type 200 0.516 ms - 0[39m
2021-04-02 09:35:35:3535 [32minfo[39m: [32mGET /content_type 200 0.188 ms - 0[39m
2021-04-02 09:35:35:3535 [32minfo[39m: [32mPOST /body_parser 200 0.372 ms - 22[39m
2021-04-02 09:35:41:3541 [32minfo[39m: [32mGET /content_type 200 0.107 ms - 0[39m
2021-04-02 09:35:41:3541 [32minfo[39m: [32mGET /content_type_xml 200 0.195 ms - 0[39m
2021-04-02 09:35:42:3542 [32minfo[39m: [32mGET /content_type 200 0.112 ms - 0[39m
2021-04-02 09:35:42:3542 [32minfo[39m: [32mPOST /body_parser 200 0.200 ms - 22[39m
2021-04-02 09:35:42:3542 [32minfo[39m: [32mGET /content_type 200 0.124 ms - 0[39m
2021-04-02 09:35:42:3542 [32minfo[39m: [32mGET /content_type 200 0.175 ms - 0[39m
2021-04-02 09:35:44:3544 [32minfo[39m: [32mGET /content_type 200 0.278 ms - 0[39m
2021-04-02 09:35:44:3544 [32minfo[39m: [32mGET /content_type_xml 200 0.339 ms - 0[39m
2021-04-02 09:35:44:3544 [32minfo[39m: [32mGET /content_type 200 0.297 ms - 0[39m
2021-04-02 09:35:45:3545 [32minfo[39m: [32mPOST /body_parser 200 0.276 ms - 22[39m
2021-04-02 09:35:45:3545 [32minfo[39m: [32mGET /content_type 200 0.304 ms - 0[39m
2021-04-02 09:35:45:3545 [32minfo[39m: [32mGET /content_type 200 0.116 ms - 0[39m
2021-04-02 09:35:50:3550 [32minfo[39m: [32mGET /content_type 200 0.117 ms - 0[39m
2021-04-02 09:35:50:3550 [32minfo[39m: [32mGET /content_type_xml 200 0.093 ms - 0[39m
2021-04-02 09:35:50:3550 [32minfo[39m: [32mGET /content_type 200 0.124 ms - 0[39m
2021-04-02 09:35:50:3550 [32minfo[39m: [32mPOST /body_parser 200 0.193 ms - 22[39m
2021-04-02 09:35:50:3550 [32minfo[39m: [32mGET /content_type 200 0.118 ms - 0[39m
2021-04-02 09:35:50:3550 [32minfo[39m: [32mGET /content_type 200 0.120 ms - 0[39m
2021-04-02 09:35:51:3551 [32minfo[39m: [32mGET /content_type 200 0.176 ms - 0[39m
2021-04-02 09:35:53:3553 [32minfo[39m: [32mGET /content_type 200 0.389 ms - 0[39m
2021-04-02 09:35:53:3553 [32minfo[39m: [32mGET /content_type_xml 200 0.181 ms - 0[39m
2021-04-02 09:35:53:3553 [32minfo[39m: [32mGET /content_type 200 0.111 ms - 0[39m
2021-04-02 09:35:53:3553 [32minfo[39m: [32mPOST /body_parser 200 0.190 ms - 22[39m
2021-04-02 09:35:53:3553 [32minfo[39m: [32mGET /content_type 200 0.130 ms - 0[39m
2021-04-02 09:35:53:3553 [32minfo[39m: [32mGET /content_type 200 0.105 ms - 0[39m
2021-04-02 09:35:53:3553 [32minfo[39m: [32mGET /content_type 200 0.114 ms - 0[39m
2021-04-02 09:36:06:366 [32minfo[39m: [32mGET /content_type 200 0.121 ms - 0[39m
2021-04-02 09:36:06:366 [32minfo[39m: [32mGET /content_type_xml 200 0.243 ms - 0[39m
2021-04-02 09:36:06:366 [32minfo[39m: [32mPOST /body_parser 200 0.185 ms - 22[39m
2021-04-02 09:36:06:366 [32minfo[39m: [32mGET /content_type 200 0.129 ms - 0[39m
2021-04-02 09:36:07:367 [32minfo[39m: [32mGET /content_type 200 0.124 ms - 0[39m
2021-04-02 09:36:07:367 [32minfo[39m: [32mGET /content_type 200 0.170 ms - 0[39m
2021-04-02 09:36:07:367 [32minfo[39m: [32mGET /content_type 200 0.119 ms - 0[39m
2021-04-02 09:36:12:3612 [32minfo[39m: [32mGET /content_type 200 0.113 ms - 0[39m
2021-04-02 09:36:12:3612 [32minfo[39m: [32mGET /content_type_xml 200 0.159 ms - 0[39m
2021-04-02 09:36:12:3612 [32minfo[39m: [32mGET /content_type 200 0.158 ms - 0[39m
2021-04-02 09:36:13:3613 [32minfo[39m: [32mGET /content_type 200 0.111 ms - 0[39m
2021-04-02 09:36:13:3613 [32minfo[39m: [32mGET /content_type 200 0.170 ms - 0[39m
2021-04-02 09:36:13:3613 [32minfo[39m: [32mGET /content_type 200 0.119 ms - 0[39m
2021-04-02 09:36:13:3613 [32minfo[39m: [32mPOST /body_parser 200 0.203 ms - 22[39m
2021-04-02 09:36:13:3613 [32minfo[39m: [32mGET /content_type 200 0.137 ms - 0[39m
2021-04-02 10:15:00:150 [32minfo[39m: [32mGET /content_type 200 1.048 ms - 0[39m
2021-04-02 10:15:00:150 [32minfo[39m: [32mGET /content_type_xml 200 0.228 ms - 0[39m
2021-04-02 10:15:00:150 [32minfo[39m: [32mGET /content_type 200 0.172 ms - 0[39m
2021-04-02 10:15:00:150 [32minfo[39m: [32mPOST /body_parser 200 0.407 ms - 22[39m
2021-04-02 10:15:01:151 [32minfo[39m: [32mGET /content_type 200 0.189 ms - 0[39m
2021-04-02 10:15:01:151 [32minfo[39m: [32mGET /content_type 200 0.237 ms - 0[39m
2021-04-02 10:15:01:151 [32minfo[39m: [32mGET /content_type 200 0.130 ms - 0[39m
2021-04-02 10:15:01:151 [32minfo[39m: [32mGET /content_type 200 0.130 ms - 0[39m
2021-04-02 10:15:24:1524 [32minfo[39m: [32mGET /content_type 200 0.116 ms - 0[39m
2021-04-02 10:15:24:1524 [32minfo[39m: [32mGET /content_type_xml 200 0.139 ms - 0[39m
2021-04-02 10:15:24:1524 [32minfo[39m: [32mGET /content_type 404 0.817 ms - 151[39m
2021-04-02 10:15:50:1550 [32minfo[39m: [32mGET /error 500 1.389 ms - 1564[39m
2021-04-02 10:16:30:1630 [32minfo[39m: [32mGET /error 500 1.980 ms - 1564[39m
2021-04-02 10:16:30:1630 [32minfo[39m: [32mGET /content_type 200 1.086 ms - 0[39m
2021-04-02 10:16:30:1630 [32minfo[39m: [32mGET /content_type_xml 200 0.371 ms - 0[39m
2021-04-02 10:16:31:1631 [32minfo[39m: [32mPOST /body_parser 200 0.318 ms - 22[39m
2021-04-02 10:16:31:1631 [32minfo[39m: [32mGET /content_type 200 0.215 ms - 0[39m
2021-04-02 10:16:31:1631 [32minfo[39m: [32mGET /content_type 200 0.221 ms - 0[39m
2021-04-02 10:16:31:1631 [32minfo[39m: [32mGET /content_type 200 0.136 ms - 0[39m
2021-04-02 10:16:31:1631 [32minfo[39m: [32mGET /content_type 200 0.126 ms - 0[39m
2021-04-02 10:16:38:1638 [32minfo[39m: [32mGET /error 500 0.670 ms - 1564[39m
2021-04-02 10:16:38:1638 [32minfo[39m: [32mPOST /body_parser 200 0.237 ms - 22[39m
2021-04-02 10:16:38:1638 [32minfo[39m: [32mGET /content_type 200 0.120 ms - 0[39m
2021-04-02 10:16:39:1639 [32minfo[39m: [32mGET /content_type 200 0.115 ms - 0[39m
2021-04-02 10:16:39:1639 [32minfo[39m: [32mGET /content_type_xml 200 0.174 ms - 0[39m
2021-04-02 10:16:39:1639 [32minfo[39m: [32mGET /content_type 200 0.135 ms - 0[39m
2021-04-02 10:16:39:1639 [32minfo[39m: [32mGET /content_type 200 0.120 ms - 0[39m
2021-04-02 10:16:39:1639 [32minfo[39m: [32mGET /content_type 200 0.111 ms - 0[39m
2021-04-02 10:16:52:1652 [32minfo[39m: [32mGET /error 500 0.902 ms - 1564[39m
2021-04-02 10:16:58:1658 [32minfo[39m: [32mGET /error 500 0.822 ms - 1564[39m
2021-04-02 10:17:05:175 [32minfo[39m: [32mGET /error 500 1.694 ms - 1564[39m
2021-04-02 10:17:32:1732 [32minfo[39m: [32mGET /error 500 1.681 ms - 1564[39m
2021-04-02 10:17:32:1732 [32minfo[39m: [32mGET /content_type 200 1.466 ms - 0[39m
2021-04-02 10:17:32:1732 [32minfo[39m: [32mPOST /body_parser 200 0.281 ms - 22[39m
2021-04-02 10:17:33:1733 [32minfo[39m: [32mGET /content_type 200 0.250 ms - 0[39m
2021-04-02 10:17:33:1733 [32minfo[39m: [32mGET /content_type_xml 200 0.325 ms - 0[39m
2021-04-02 10:17:33:1733 [32minfo[39m: [32mGET /content_type 200 0.145 ms - 0[39m
2021-04-02 10:17:33:1733 [32minfo[39m: [32mGET /content_type 200 0.142 ms - 0[39m
2021-04-02 10:17:33:1733 [32minfo[39m: [32mGET /content_type 200 0.138 ms - 0[39m
2021-04-02 10:17:53:1753 [32minfo[39m: [32mGET /error 500 0.721 ms - 1564[39m
2021-04-02 10:17:53:1753 [32minfo[39m: [32mGET /content_type 200 0.119 ms - 0[39m
2021-04-02 10:17:53:1753 [32minfo[39m: [32mGET /content_type_xml 200 0.173 ms - 0[39m
2021-04-02 10:17:53:1753 [32minfo[39m: [32mGET /content_type 200 0.140 ms - 0[39m
2021-04-02 10:17:53:1753 [32minfo[39m: [32mGET /content_type 200 0.127 ms - 0[39m
2021-04-02 10:17:53:1753 [32minfo[39m: [32mPOST /body_parser 200 0.191 ms - 22[39m
2021-04-02 10:17:53:1753 [32minfo[39m: [32mGET /content_type 200 0.171 ms - 0[39m
2021-04-02 10:17:53:1753 [32minfo[39m: [32mGET /content_type 200 0.180 ms - 0[39m
2021-04-02 10:18:04:184 [32minfo[39m: [32mGET /error 500 0.807 ms - 1564[39m
2021-04-02 10:19:15:1915 [32minfo[39m: [32mGET /error 500 1.756 ms - 1565[39m
2021-04-02 10:19:19:1919 [32minfo[39m: [32mGET /error 500 0.818 ms - 1565[39m
2021-04-02 10:19:32:1932 [32minfo[39m: [32mGET /error 500 43.995 ms - 1565[39m
2021-04-02 10:19:37:1937 [32minfo[39m: [32mGET /error 500 0.805 ms - 1565[39m
2021-04-02 10:24:53:2453 [32minfo[39m: [32mGET /content_type 200 0.976 ms - 0[39m
2021-04-02 10:24:53:2453 [32minfo[39m: [32mGET /content_type 200 0.259 ms - 0[39m
2021-04-02 10:24:53:2453 [32minfo[39m: [32mPOST /body_parser 200 0.294 ms - 22[39m
2021-04-02 10:24:53:2453 [32minfo[39m: [32mGET /content_type 200 0.152 ms - 0[39m
2021-04-02 10:24:53:2453 [32minfo[39m: [32mGET /content_type_xml 200 0.301 ms - 0[39m
2021-04-02 10:24:53:2453 [32minfo[39m: [32mGET /content_type 200 0.229 ms - 0[39m
2021-04-02 10:24:54:2454 [32minfo[39m: [32mGET /content_type 200 0.168 ms - 0[39m
2021-04-02 10:25:19:2519 [32minfo[39m: [32mGET /content_type 200 0.370 ms - 0[39m
2021-04-02 10:25:19:2519 [32minfo[39m: [32mGET /content_type 200 0.154 ms - 0[39m
2021-04-02 10:25:19:2519 [32minfo[39m: [32mGET /content_type_xml 200 0.142 ms - 0[39m
2021-04-02 10:25:19:2519 [32minfo[39m: [32mGET /content_type 200 0.128 ms - 0[39m
2021-04-02 10:25:19:2519 [32minfo[39m: [32mPOST /body_parser 200 0.234 ms - 22[39m
2021-04-02 10:25:19:2519 [32minfo[39m: [32mGET /content_type 200 0.157 ms - 0[39m
2021-04-02 10:25:20:2520 [32minfo[39m: [32mGET /content_type 200 0.141 ms - 0[39m
2021-04-02 10:25:27:2527 [32minfo[39m: [32mGET /content_type 200 0.111 ms - 0[39m
2021-04-02 10:25:27:2527 [32minfo[39m: [32mGET /content_type 200 0.111 ms - 0[39m
2021-04-02 10:25:27:2527 [32minfo[39m: [32mGET /content_type 200 0.124 ms - 0[39m
2021-04-02 10:25:27:2527 [32minfo[39m: [32mGET /content_type 200 0.142 ms - 0[39m
2021-04-02 10:25:27:2527 [32minfo[39m: [32mGET /content_type_xml 200 0.163 ms - 0[39m
2021-04-02 10:25:28:2528 [32minfo[39m: [32mPOST /body_parser 200 0.165 ms - 22[39m
2021-04-02 10:25:28:2528 [32minfo[39m: [32mGET /content_type 200 0.118 ms - 0[39m
2021-04-02 10:25:51:2551 [32minfo[39m: [32mGET /content_type 200 0.368 ms - 0[39m
2021-04-02 10:25:52:2552 [32minfo[39m: [32mPOST /body_parser 200 0.192 ms - 22[39m
2021-04-02 10:25:52:2552 [32minfo[39m: [32mGET /content_type 200 0.204 ms - 0[39m
2021-04-02 10:25:52:2552 [32minfo[39m: [32mGET /content_type_xml 200 0.125 ms - 0[39m
2021-04-02 10:25:52:2552 [32minfo[39m: [32mGET /content_type 200 0.135 ms - 0[39m
2021-04-02 10:25:52:2552 [32minfo[39m: [32mGET /content_type 200 0.194 ms - 0[39m
2021-04-02 10:25:52:2552 [32minfo[39m: [32mGET /content_type 200 0.132 ms - 0[39m
2021-04-02 10:26:11:2611 [32minfo[39m: [32mGET /content_type 200 0.115 ms - 0[39m
2021-04-02 10:26:11:2611 [32minfo[39m: [32mGET /content_type 200 0.118 ms - 0[39m
2021-04-02 10:26:11:2611 [32minfo[39m: [32mPOST /body_parser 200 0.186 ms - 22[39m
2021-04-02 10:26:11:2611 [32minfo[39m: [32mGET /content_type 200 0.111 ms - 0[39m
2021-04-02 10:26:11:2611 [32minfo[39m: [32mGET /content_type_xml 200 0.186 ms - 0[39m
2021-04-02 10:26:12:2612 [32minfo[39m: [32mGET /content_type 200 0.114 ms - 0[39m
2021-04-02 10:26:12:2612 [32minfo[39m: [32mGET /content_type 200 0.122 ms - 0[39m
2021-04-02 10:26:20:2620 [32minfo[39m: [32mGET /content_type 200 0.173 ms - 0[39m
2021-04-02 10:26:21:2621 [32minfo[39m: [32mPOST /body_parser 200 0.349 ms - 22[39m
2021-04-02 10:26:21:2621 [32minfo[39m: [32mGET /content_type 200 0.492 ms - 0[39m
2021-04-02 10:26:21:2621 [32minfo[39m: [32mGET /content_type 200 0.264 ms - 0[39m
2021-04-02 10:26:21:2621 [32minfo[39m: [32mGET /content_type_xml 200 0.158 ms - 0[39m
2021-04-02 10:26:21:2621 [32minfo[39m: [32mGET /content_type 200 0.119 ms - 0[39m
2021-04-02 10:26:21:2621 [32minfo[39m: [32mGET /content_type 200 0.119 ms - 0[39m
2021-04-02 10:29:38:2938 [32minfo[39m: [32mGET /error 500 1.696 ms - 1565[39m
2021-04-02 10:29:44:2944 [32minfo[39m: [32mGET /error 500 1.154 ms - 1565[39m
2021-04-02 10:30:03:303 [32minfo[39m: [32mGET /error 500 1.251 ms - 1565[39m
2021-04-02 10:31:30:3130 [32minfo[39m: [32mGET /error 500 0.816 ms - 1565[39m
2021-04-02 10:31:34:3134 [32minfo[39m: [32mGET /error 500 0.847 ms - 1565[39m
2021-04-02 10:32:07:327 [32minfo[39m: [32mGET /error 500 0.711 ms - 1565[39m
2021-04-02 10:32:13:3213 [32minfo[39m: [32mGET /error 500 0.859 ms - 1565[39m
2021-04-02 10:32:17:3217 [32minfo[39m: [32mGET /error 500 0.797 ms - 1565[39m
2021-04-02 10:35:09:359 [32minfo[39m: [32mGET /error 500 0.878 ms - 1565[39m
2021-04-02 10:40:58:4058 [32minfo[39m: [32mGET /error 500 1.863 ms - 1565[39m
2021-04-02 10:41:05:415 [32minfo[39m: [32mGET /error 500 0.778 ms - 1565[39m
2021-04-02 10:41:16:4116 [32minfo[39m: [32mGET /error 500 0.741 ms - 1565[39m
2021-04-02 10:41:26:4126 [32minfo[39m: [32mGET /error 500 0.925 ms - 1565[39m
2021-04-02 10:41:33:4133 [32minfo[39m: [32mGET /error 500 0.757 ms - 1565[39m
2021-04-02 10:41:44:4144 [32minfo[39m: [32mGET /error 500 0.786 ms - 1565[39m
2021-04-02 10:41:45:4145 [32minfo[39m: [32mGET /error 500 0.688 ms - 1565[39m
2021-04-02 10:42:00:420 [32minfo[39m: [32mGET /error 500 0.789 ms - 1565[39m
2021-04-02 10:46:13:4613 [32minfo[39m: [32mGET /content_type 200 0.915 ms - 0[39m
2021-04-02 10:46:14:4614 [32minfo[39m: [32mPOST /body_parser 200 0.288 ms - 22[39m
2021-04-02 10:46:14:4614 [32minfo[39m: [32mGET /content_type 200 0.349 ms - 0[39m
2021-04-02 10:46:14:4614 [32minfo[39m: [32mGET /content_type 200 0.210 ms - 0[39m
2021-04-02 10:46:14:4614 [32minfo[39m: [32mGET /content_type_xml 200 0.242 ms - 0[39m
2021-04-02 10:46:14:4614 [32minfo[39m: [32mGET /content_type 200 0.148 ms - 0[39m
2021-04-02 10:46:14:4614 [32minfo[39m: [32mGET /content_type 200 0.159 ms - 0[39m
2021-04-02 10:46:19:4619 [32minfo[39m: [32mGET /content_type 200 0.125 ms - 0[39m
2021-04-02 10:46:19:4619 [32minfo[39m: [32mGET /content_type 200 0.109 ms - 0[39m
2021-04-02 10:46:19:4619 [32minfo[39m: [32mGET /content_type_xml 200 0.205 ms - 0[39m
2021-04-02 10:46:19:4619 [32minfo[39m: [32mGET /content_type 200 0.120 ms - 0[39m
2021-04-02 10:46:19:4619 [32minfo[39m: [32mGET /content_type 200 0.121 ms - 0[39m
2021-04-02 10:46:19:4619 [32minfo[39m: [32mPOST /body_parser 200 0.180 ms - 22[39m
2021-04-02 10:46:19:4619 [32minfo[39m: [32mGET /content_type 200 0.117 ms - 0[39m
2021-04-02 10:46:22:4622 [32minfo[39m: [32mGET /content_type 200 0.116 ms - 0[39m
2021-04-02 10:46:22:4622 [32minfo[39m: [32mPOST /body_parser 200 0.295 ms - 22[39m
2021-04-02 10:46:22:4622 [32minfo[39m: [32mGET /content_type 200 0.132 ms - 0[39m
2021-04-02 10:46:22:4622 [32minfo[39m: [32mGET /content_type 200 0.122 ms - 0[39m
2021-04-02 10:46:22:4622 [32minfo[39m: [32mGET /content_type_xml 200 0.103 ms - 0[39m
2021-04-02 10:46:23:4623 [32minfo[39m: [32mGET /content_type 200 0.120 ms - 0[39m
2021-04-02 10:46:23:4623 [32minfo[39m: [32mGET /content_type 200 0.123 ms - 0[39m
2021-04-02 10:46:30:4630 [32minfo[39m: [32mGET /content_type 200 0.111 ms - 0[39m
2021-04-02 10:46:30:4630 [32minfo[39m: [32mGET /content_type 200 0.137 ms - 0[39m
2021-04-02 10:46:30:4630 [32minfo[39m: [32mGET /content_type 200 0.161 ms - 0[39m
2021-04-02 10:46:30:4630 [32minfo[39m: [32mGET /content_type_xml 200 0.141 ms - 0[39m
2021-04-02 10:46:30:4630 [32minfo[39m: [32mPOST /body_parser 200 0.185 ms - 22[39m
2021-04-02 10:46:30:4630 [32minfo[39m: [32mGET /content_type 200 0.119 ms - 0[39m
2021-04-02 10:46:30:4630 [32minfo[39m: [32mGET /content_type 200 0.124 ms - 0[39m
2021-04-02 10:46:32:4632 [32minfo[39m: [32mGET /content_type 200 0.108 ms - 0[39m
2021-04-02 10:46:32:4632 [32minfo[39m: [32mPOST /body_parser 200 0.138 ms - 22[39m
2021-04-02 10:46:32:4632 [32minfo[39m: [32mGET /content_type 200 0.163 ms - 0[39m
2021-04-02 10:46:33:4633 [32minfo[39m: [32mGET /content_type 200 0.146 ms - 0[39m
2021-04-02 10:46:33:4633 [32minfo[39m: [32mGET /content_type_xml 200 0.193 ms - 0[39m
2021-04-02 10:46:33:4633 [32minfo[39m: [32mGET /content_type 200 0.121 ms - 0[39m
2021-04-02 10:46:33:4633 [32minfo[39m: [32mGET /content_type 200 0.111 ms - 0[39m
2021-04-02 10:47:12:4712 [32minfo[39m: [32mGET /content_type 200 1.111 ms - 0[39m
2021-04-02 10:47:12:4712 [32minfo[39m: [32mGET /content_type 200 0.208 ms - 0[39m
2021-04-02 10:47:12:4712 [32minfo[39m: [32mGET /content_type 200 0.170 ms - 0[39m
2021-04-02 10:47:12:4712 [32minfo[39m: [32mGET /content_type_xml 200 0.166 ms - 0[39m
2021-04-02 10:47:13:4713 [32minfo[39m: [32mGET /content_type 200 0.137 ms - 0[39m
2021-04-02 10:47:13:4713 [32minfo[39m: [32mGET /content_type 200 0.187 ms - 0[39m
2021-04-02 10:47:13:4713 [32minfo[39m: [32mPOST /body_parser 200 0.296 ms - 22[39m
2021-04-02 11:29:44:2944 [32minfo[39m: [32mGET /content_type 200 1.094 ms - 0[39m
2021-04-02 11:29:44:2944 [32minfo[39m: [32mPOST /body_parser 200 0.271 ms - 22[39m
2021-04-02 11:29:44:2944 [32minfo[39m: [32mGET /content_type 200 0.223 ms - 0[39m
2021-04-02 11:29:44:2944 [32minfo[39m: [32mGET /content_type 200 0.162 ms - 0[39m
2021-04-02 11:29:44:2944 [32minfo[39m: [32mGET /content_type_xml 200 0.151 ms - 0[39m
2021-04-02 11:29:45:2945 [32minfo[39m: [32mGET /content_type 200 0.137 ms - 0[39m
2021-04-02 11:29:45:2945 [32minfo[39m: [32mGET /content_type 200 0.381 ms - 0[39m
2021-04-02 11:49:46:4946 [32minfo[39m: [32mGET /content_type 200 1.063 ms - 0[39m
2021-04-02 11:49:46:4946 [32minfo[39m: [32mPOST /body_parser 200 0.303 ms - 22[39m
2021-04-02 11:49:46:4946 [32minfo[39m: [32mGET /content_type 200 0.283 ms - 0[39m
2021-04-02 11:49:46:4946 [32minfo[39m: [32mGET /content_type 200 0.139 ms - 0[39m
2021-04-02 11:49:46:4946 [32minfo[39m: [32mGET /content_type_xml 200 0.182 ms - 0[39m
2021-04-02 11:49:46:4946 [32minfo[39m: [32mGET /content_type 200 0.386 ms - 0[39m
2021-04-02 11:49:46:4946 [32minfo[39m: [32mGET /content_type 200 0.216 ms - 0[39m
2021-04-02 11:50:39:5039 [32minfo[39m: [32mGET /content_type 200 1.683 ms - 0[39m
2021-04-02 11:50:40:5040 [32minfo[39m: [32mPOST /body_parser 200 0.503 ms - 22[39m
2021-04-02 11:50:40:5040 [32minfo[39m: [32mGET /content_type 200 0.194 ms - 0[39m
2021-04-02 11:50:40:5040 [32minfo[39m: [32mGET /content_type 200 0.239 ms - 0[39m
2021-04-02 11:50:40:5040 [32minfo[39m: [32mGET /content_type_xml 200 0.234 ms - 0[39m
2021-04-02 11:50:40:5040 [32minfo[39m: [32mGET /content_type 200 0.422 ms - 0[39m
2021-04-02 11:50:40:5040 [32minfo[39m: [32mGET /content_type 200 0.266 ms - 0[39m
2021-04-02 11:52:01:521 [32minfo[39m: [32mGET /content_type 200 1.750 ms - 0[39m
2021-04-02 11:52:01:521 [32minfo[39m: [32mPOST /body_parser 200 0.500 ms - 22[39m
2021-04-02 11:52:01:521 [32minfo[39m: [32mGET /content_type 200 0.160 ms - 0[39m
2021-04-02 11:52:01:521 [32minfo[39m: [32mGET /content_type 200 0.238 ms - 0[39m
2021-04-02 11:52:01:521 [32minfo[39m: [32mGET /content_type 200 0.194 ms - 0[39m
2021-04-02 11:52:02:522 [32minfo[39m: [32mGET /content_type 200 0.133 ms - 0[39m
2021-04-02 11:52:02:522 [32minfo[39m: [32mGET /content_type_xml 200 0.182 ms - 0[39m
2021-04-02 11:52:10:5210 [32minfo[39m: [32mGET /content_type 200 0.221 ms - 0[39m
2021-04-02 11:52:10:5210 [32minfo[39m: [32mPOST /body_parser 200 0.376 ms - 22[39m
2021-04-02 11:52:11:5211 [32minfo[39m: [32mGET /content_type 200 0.161 ms - 0[39m
2021-04-02 11:52:11:5211 [32minfo[39m: [32mGET /content_type 200 0.199 ms - 0[39m
2021-04-02 11:52:11:5211 [32minfo[39m: [32mGET /content_type_xml 200 0.194 ms - 0[39m
2021-04-02 11:52:11:5211 [32minfo[39m: [32mGET /content_type 200 0.119 ms - 0[39m
2021-04-02 11:52:11:5211 [32minfo[39m: [32mGET /content_type 200 0.123 ms - 0[39m
2021-04-02 11:52:39:5239 [32minfo[39m: [32mPOST /body_parser 200 1.005 ms - 22[39m
2021-04-02 11:52:39:5239 [32minfo[39m: [32mGET /content_type 200 0.237 ms - 0[39m
2021-04-02 11:52:39:5239 [32minfo[39m: [32mGET /content_type 200 0.209 ms - 0[39m
2021-04-02 11:52:39:5239 [32minfo[39m: [32mGET /content_type 200 0.153 ms - 0[39m
2021-04-02 11:52:39:5239 [32minfo[39m: [32mGET /content_type 200 0.130 ms - 0[39m
2021-04-02 11:52:39:5239 [32minfo[39m: [32mGET /content_type_xml 200 0.224 ms - 0[39m
2021-04-02 11:53:04:534 [32minfo[39m: [32mPOST /body_parser 200 1.952 ms - 22[39m
2021-04-02 11:53:04:534 [32minfo[39m: [32mGET /content_type 200 0.459 ms - 0[39m
2021-04-02 11:53:04:534 [32minfo[39m: [32mGET /content_type 200 0.175 ms - 0[39m
2021-04-02 11:53:04:534 [32minfo[39m: [32mGET /content_type 200 0.139 ms - 0[39m
2021-04-02 11:53:04:534 [32minfo[39m: [32mGET /content_type_xml 200 0.159 ms - 0[39m
2021-04-02 11:53:04:534 [32minfo[39m: [32mGET /content_type 200 0.129 ms - 0[39m
2021-04-02 11:54:37:5437 [32minfo[39m: [32mPOST /body_parser 200 1.058 ms - 22[39m
2021-04-02 11:54:37:5437 [32minfo[39m: [32mGET /content_type 200 0.240 ms - 0[39m
2021-04-02 11:54:37:5437 [32minfo[39m: [32mGET /content_type 200 0.280 ms - 0[39m
2021-04-02 11:54:37:5437 [32minfo[39m: [32mGET /content_type_xml 200 0.148 ms - 0[39m
2021-04-02 11:54:37:5437 [32minfo[39m: [32mGET /content_type 200 0.127 ms - 0[39m
2021-04-02 11:54:37:5437 [32minfo[39m: [32mGET /content_type 200 0.140 ms - 0[39m
2021-04-02 11:54:37:5437 [32minfo[39m: [32mGET /content_type 200 0.161 ms - 0[39m
2021-04-02 11:54:49:5449 [32minfo[39m: [32mPOST /body_parser 200 0.941 ms - 22[39m
2021-04-02 11:54:51:5451 [32minfo[39m: [32mGET /content_type 200 0.426 ms - 0[39m
2021-04-02 11:54:51:5451 [32minfo[39m: [32mGET /content_type 200 0.203 ms - 0[39m
2021-04-02 11:54:51:5451 [32minfo[39m: [32mGET /content_type 200 0.184 ms - 0[39m
2021-04-02 11:54:51:5451 [32minfo[39m: [32mGET /content_type_xml 200 0.176 ms - 0[39m
2021-04-02 11:54:51:5451 [32minfo[39m: [32mGET /content_type 200 0.123 ms - 0[39m
2021-04-02 11:54:51:5451 [32minfo[39m: [32mGET /content_type 200 0.129 ms - 0[39m
2021-04-02 11:57:48:5748 [32minfo[39m: [32mPOST /body_parser 200 0.977 ms - 22[39m
2021-04-02 11:57:48:5748 [32minfo[39m: [32mGET /content_type 200 0.228 ms - 0[39m
2021-04-02 11:57:48:5748 [32minfo[39m: [32mGET /content_type 200 0.220 ms - 0[39m
2021-04-02 11:57:48:5748 [32minfo[39m: [32mGET /content_type 200 0.163 ms - 0[39m
2021-04-02 11:57:48:5748 [32minfo[39m: [32mGET /content_type_xml 200 0.233 ms - 0[39m
2021-04-02 11:57:49:5749 [32minfo[39m: [32mGET /content_type 200 0.422 ms - 0[39m
2021-04-02 11:57:49:5749 [32minfo[39m: [32mGET /content_type 200 0.178 ms - 0[39m
2021-04-02 11:58:14:5814 [32minfo[39m: [32mPOST /body_parser 200 1.018 ms - 22[39m
2021-04-02 11:58:15:5815 [32minfo[39m: [32mGET /content_type 200 0.511 ms - 0[39m
2021-04-02 11:58:15:5815 [32minfo[39m: [32mGET /content_type 200 0.365 ms - 0[39m
2021-04-02 11:58:15:5815 [32minfo[39m: [32mGET /content_type 200 0.160 ms - 0[39m
2021-04-02 11:58:15:5815 [32minfo[39m: [32mGET /content_type_xml 200 0.233 ms - 0[39m
2021-04-02 11:58:15:5815 [32minfo[39m: [32mGET /content_type 200 0.131 ms - 0[39m
2021-04-02 11:58:15:5815 [32minfo[39m: [32mGET /content_type 200 0.136 ms - 0[39m
2021-04-02 11:58:35:5835 [32minfo[39m: [32mPOST /body_parser 200 1.450 ms - 22[39m
2021-04-02 11:58:36:5836 [32minfo[39m: [32mGET /content_type 200 0.545 ms - 0[39m
2021-04-02 11:58:36:5836 [32minfo[39m: [32mGET /content_type_xml 200 0.183 ms - 0[39m
2021-04-02 11:58:36:5836 [32minfo[39m: [32mGET /content_type 200 0.168 ms - 0[39m
2021-04-02 11:58:36:5836 [32minfo[39m: [32mGET /content_type 200 0.150 ms - 0[39m
2021-04-02 11:58:36:5836 [32minfo[39m: [32mGET /content_type 200 0.157 ms - 0[39m
2021-04-02 11:58:36:5836 [32minfo[39m: [32mGET /content_type 200 0.132 ms - 0[39m
2021-04-02 11:58:43:5843 [32minfo[39m: [32mPOST /body_parser 200 0.293 ms - 22[39m
2021-04-02 11:58:44:5844 [32minfo[39m: [32mGET /content_type 200 0.456 ms - 0[39m
2021-04-02 11:58:44:5844 [32minfo[39m: [32mGET /content_type_xml 200 0.187 ms - 0[39m
2021-04-02 11:58:44:5844 [32minfo[39m: [32mGET /content_type 200 0.122 ms - 0[39m
2021-04-02 11:58:44:5844 [32minfo[39m: [32mGET /content_type 200 0.114 ms - 0[39m
2021-04-02 11:58:44:5844 [32minfo[39m: [32mGET /content_type 200 0.138 ms - 0[39m
2021-04-02 11:58:44:5844 [32minfo[39m: [32mGET /content_type 200 0.105 ms - 0[39m
2021-04-02 11:59:06:596 [32minfo[39m: [32mPOST /body_parser 200 1.055 ms - 22[39m
2021-04-02 11:59:06:596 [32minfo[39m: [32mGET /content_type 200 0.296 ms - 0[39m
2021-04-02 11:59:06:596 [32minfo[39m: [32mGET /content_type_xml 200 0.225 ms - 0[39m
2021-04-02 11:59:07:597 [32minfo[39m: [32mGET /content_type 200 0.194 ms - 0[39m
2021-04-02 11:59:07:597 [32minfo[39m: [32mGET /content_type 200 0.141 ms - 0[39m
2021-04-02 11:59:07:597 [32minfo[39m: [32mGET /content_type 200 0.240 ms - 0[39m
2021-04-02 11:59:07:597 [32minfo[39m: [32mGET /content_type 200 0.156 ms - 0[39m
2021-04-02 11:59:09:599 [32minfo[39m: [32mPOST /body_parser 200 0.186 ms - 22[39m
2021-04-02 11:59:09:599 [32minfo[39m: [32mGET /content_type 200 0.140 ms - 0[39m
2021-04-02 11:59:09:599 [32minfo[39m: [32mGET /content_type_xml 200 0.178 ms - 0[39m
2021-04-02 11:59:09:599 [32minfo[39m: [32mGET /content_type 200 0.135 ms - 0[39m
2021-04-02 11:59:09:599 [32minfo[39m: [32mGET /content_type 200 0.141 ms - 0[39m
2021-04-02 11:59:10:5910 [32minfo[39m: [32mGET /content_type 200 0.215 ms - 0[39m
2021-04-02 11:59:10:5910 [32minfo[39m: [32mGET /content_type 200 0.220 ms - 0[39m
2021-04-02 11:59:26:5926 [32minfo[39m: [32mPOST /body_parser 200 0.195 ms - 22[39m
2021-04-02 11:59:26:5926 [32minfo[39m: [32mGET /content_type 200 0.134 ms - 0[39m
2021-04-02 11:59:27:5927 [32minfo[39m: [32mGET /content_type 200 0.197 ms - 0[39m
2021-04-02 11:59:27:5927 [32minfo[39m: [32mGET /content_type 200 0.184 ms - 0[39m
2021-04-02 11:59:27:5927 [32minfo[39m: [32mGET /content_type_xml 200 0.241 ms - 0[39m
2021-04-02 11:59:27:5927 [32minfo[39m: [32mGET /content_type 200 0.142 ms - 0[39m
2021-04-02 11:59:27:5927 [32minfo[39m: [32mGET /content_type 200 0.124 ms - 0[39m
2021-04-02 11:59:42:5942 [32minfo[39m: [32mPOST /body_parser 200 0.199 ms - 22[39m
2021-04-02 11:59:42:5942 [32minfo[39m: [32mGET /content_type 200 0.133 ms - 0[39m
2021-04-02 11:59:42:5942 [32minfo[39m: [32mGET /content_type_xml 200 0.209 ms - 0[39m
2021-04-02 11:59:42:5942 [32minfo[39m: [32mGET /content_type 200 0.115 ms - 0[39m
2021-04-02 11:59:42:5942 [32minfo[39m: [32mGET /content_type 200 0.171 ms - 0[39m
2021-04-02 11:59:42:5942 [32minfo[39m: [32mGET /content_type 200 0.123 ms - 0[39m
2021-04-02 11:59:42:5942 [32minfo[39m: [32mGET /content_type 200 0.136 ms - 0[39m
2021-04-02 11:59:51:5951 [32minfo[39m: [32mPOST /body_parser 200 0.248 ms - 22[39m
2021-04-02 11:59:51:5951 [32minfo[39m: [32mGET /content_type 200 0.198 ms - 0[39m
2021-04-02 11:59:51:5951 [32minfo[39m: [32mGET /content_type_xml 200 0.131 ms - 0[39m
2021-04-02 11:59:51:5951 [32minfo[39m: [32mGET /content_type 200 0.126 ms - 0[39m
2021-04-02 11:59:51:5951 [32minfo[39m: [32mGET /content_type 200 0.143 ms - 0[39m
2021-04-02 11:59:51:5951 [32minfo[39m: [32mGET /content_type 200 0.159 ms - 0[39m
2021-04-02 11:59:51:5951 [32minfo[39m: [32mGET /content_type 200 0.123 ms - 0[39m
2021-04-02 12:00:04:04 [32minfo[39m: [32mPOST /body_parser 200 0.148 ms - 22[39m
2021-04-02 12:00:04:04 [32minfo[39m: [32mGET /content_type 200 0.135 ms - 0[39m
2021-04-02 12:00:04:04 [32minfo[39m: [32mGET /content_type_xml 200 0.115 ms - 0[39m
2021-04-02 12:00:05:05 [32minfo[39m: [32mGET /content_type 200 0.116 ms - 0[39m
2021-04-02 12:00:05:05 [32minfo[39m: [32mGET /content_type 200 0.132 ms - 0[39m
2021-04-02 12:00:05:05 [32minfo[39m: [32mGET /content_type 200 0.127 ms - 0[39m
2021-04-02 12:00:05:05 [32minfo[39m: [32mGET /content_type 200 0.131 ms - 0[39m
2021-04-02 12:00:24:024 [32minfo[39m: [32mPOST /body_parser 200 0.295 ms - 22[39m
2021-04-02 12:00:24:024 [32minfo[39m: [32mGET /content_type 200 0.181 ms - 0[39m
2021-04-02 12:00:24:024 [32minfo[39m: [32mGET /content_type 200 0.207 ms - 0[39m
2021-04-02 12:00:24:024 [32minfo[39m: [32mGET /content_type 200 0.250 ms - 0[39m
2021-04-02 12:00:24:024 [32minfo[39m: [32mGET /content_type_xml 200 0.305 ms - 0[39m
2021-04-02 12:00:25:025 [32minfo[39m: [32mGET /content_type 200 0.241 ms - 0[39m
2021-04-02 12:00:25:025 [32minfo[39m: [32mGET /content_type 200 0.188 ms - 0[39m
2021-04-02 12:00:32:032 [32minfo[39m: [32mPOST /body_parser 200 0.202 ms - 22[39m
2021-04-02 12:00:32:032 [32minfo[39m: [32mGET /content_type 200 0.141 ms - 0[39m
2021-04-02 12:00:32:032 [32minfo[39m: [32mGET /content_type 200 0.118 ms - 0[39m
2021-04-02 12:00:32:032 [32minfo[39m: [32mGET /content_type_xml 200 0.202 ms - 0[39m
2021-04-02 12:00:32:032 [32minfo[39m: [32mGET /content_type 200 0.110 ms - 0[39m
2021-04-02 12:00:32:032 [32minfo[39m: [32mGET /content_type 200 0.143 ms - 0[39m
2021-04-02 12:00:32:032 [32minfo[39m: [32mGET /content_type 200 0.164 ms - 0[39m
2021-04-02 12:00:38:038 [32minfo[39m: [32mPOST /body_parser 200 0.251 ms - 22[39m
2021-04-02 12:00:39:039 [32minfo[39m: [32mGET /content_type 200 0.140 ms - 0[39m
2021-04-02 12:00:39:039 [32minfo[39m: [32mGET /content_type 200 0.197 ms - 0[39m
2021-04-02 12:00:39:039 [32minfo[39m: [32mGET /content_type 200 0.194 ms - 0[39m
2021-04-02 12:00:39:039 [32minfo[39m: [32mGET /content_type 200 0.110 ms - 0[39m
2021-04-02 12:00:39:039 [32minfo[39m: [32mGET /content_type_xml 200 0.094 ms - 0[39m
2021-04-02 12:00:39:039 [32minfo[39m: [32mGET /content_type 200 0.114 ms - 0[39m
2021-04-02 12:01:01:11 [32minfo[39m: [32mPOST /body_parser 200 0.375 ms - 22[39m
2021-04-02 12:01:01:11 [32minfo[39m: [32mGET /content_type 200 0.152 ms - 0[39m
2021-04-02 12:01:01:11 [32minfo[39m: [32mGET /content_type 200 0.261 ms - 0[39m
2021-04-02 12:01:01:11 [32minfo[39m: [32mGET /content_type 200 0.135 ms - 0[39m
2021-04-02 12:01:01:11 [32minfo[39m: [32mGET /content_type 200 0.133 ms - 0[39m
2021-04-02 12:01:01:11 [32minfo[39m: [32mGET /content_type_xml 200 0.166 ms - 0[39m
2021-04-02 12:01:02:12 [32minfo[39m: [32mGET /content_type 200 0.124 ms - 0[39m
2021-04-02 12:01:10:110 [32minfo[39m: [32mPOST /body_parser 200 0.198 ms - 22[39m
2021-04-02 12:01:10:110 [32minfo[39m: [32mGET /content_type 200 0.162 ms - 0[39m
2021-04-02 12:04:04:44 [32minfo[39m: [32mPOST /body_parser 200 1.024 ms - 22[39m
2021-04-02 12:04:05:45 [32minfo[39m: [32mGET /content_type 200 0.235 ms - 0[39m
2021-04-02 12:04:05:45 [32minfo[39m: [32mGET /content_type_xml 200 0.192 ms - 0[39m
2021-04-02 12:04:05:45 [32minfo[39m: [32mGET /content_type 200 0.142 ms - 0[39m
2021-04-02 12:04:05:45 [32minfo[39m: [32mGET /content_type 200 0.152 ms - 0[39m
2021-04-02 12:04:05:45 [32minfo[39m: [32mGET /content_type 200 0.162 ms - 0[39m
2021-04-02 12:04:05:45 [32minfo[39m: [32mGET /content_type 200 0.187 ms - 0[39m
2021-04-02 12:05:21:521 [32minfo[39m: [32mPOST /body_parser 200 0.969 ms - 22[39m
2021-04-02 12:05:21:521 [32minfo[39m: [32mGET /content_type 200 0.591 ms - 0[39m
2021-04-02 12:05:21:521 [32minfo[39m: [32mGET /content_type 200 0.179 ms - 0[39m
2021-04-02 12:05:21:521 [32minfo[39m: [32mGET /content_type 200 0.121 ms - 0[39m
2021-04-02 12:05:21:521 [32minfo[39m: [32mGET /content_type 200 0.122 ms - 0[39m
2021-04-02 12:05:21:521 [32minfo[39m: [32mGET /content_type_xml 200 0.161 ms - 0[39m
2021-04-02 12:05:21:521 [32minfo[39m: [32mGET /content_type 200 0.128 ms - 0[39m
2021-04-02 12:07:23:723 [32minfo[39m: [32mPOST /body_parser 200 0.914 ms - 22[39m
2021-04-02 12:07:24:724 [32minfo[39m: [32mGET /metric 404 0.759 ms - 145[39m
2021-04-02 12:07:32:732 [32minfo[39m: [32mGET /metric 404 0.324 ms - 145[39m
2021-04-02 15:08:26:826 [32minfo[39m: [32mServer running at http://localhost:8080[39m
2021-04-02 15:08:27:827 [32minfo[39m: [32mGET /favicon.ico 404 1.275 ms - 150[39m
2021-04-02 12:10:10:1010 [32minfo[39m: [32mPOST /body_parser 200 0.913 ms - 22[39m
2021-04-02 12:10:10:1010 [32minfo[39m: [32mGET /content_type 200 0.222 ms - 0[39m
2021-04-02 12:10:11:1011 [32minfo[39m: [32mGET /content_type 200 0.220 ms - 0[39m
2021-04-02 12:10:11:1011 [32minfo[39m: [32mGET /content_type_xml 200 0.315 ms - 0[39m
2021-04-02 12:10:11:1011 [32minfo[39m: [32mGET /content_type 200 0.132 ms - 0[39m
2021-04-02 12:10:11:1011 [32minfo[39m: [32mGET /content_type 200 0.138 ms - 0[39m
2021-04-02 12:10:43:1043 [32minfo[39m: [32mPOST /body_parser 200 0.955 ms - 22[39m
2021-04-02 12:10:43:1043 [32minfo[39m: [32mGET /content_type 200 0.248 ms - 0[39m
2021-04-02 12:10:43:1043 [32minfo[39m: [32mGET /content_type_xml 200 0.184 ms - 0[39m
2021-04-02 12:10:43:1043 [32minfo[39m: [32mGET /content_type 200 0.126 ms - 0[39m
2021-04-02 12:10:43:1043 [32minfo[39m: [32mGET /content_type 200 0.136 ms - 0[39m
2021-04-02 12:10:43:1043 [32minfo[39m: [32mGET /content_type 200 0.302 ms - 0[39m
2021-04-02 12:12:16:1216 [32minfo[39m: [32mGET /test 200 0.960 ms - 9[39m
2021-04-02 12:12:19:1219 [32minfo[39m: [32mGET /test 200 0.277 ms - 9[39m
2021-04-02 12:13:45:1345 [32minfo[39m: [32mGET /test 200 0.218 ms - 9[39m
2021-04-02 12:15:48:1548 [32minfo[39m: [32mGET /test 200 1.489 ms - 9[39m
2021-04-02 12:27:45:2745 [32minfo[39m: [32mGET /content_type 200 0.665 ms - 0[39m
2021-04-02 12:27:45:2745 [32minfo[39m: [32mGET /content_type_xml 200 0.195 ms - 0[39m
2021-04-02 12:27:45:2745 [32minfo[39m: [32mPOST /body_parser 200 0.395 ms - 22[39m
2021-04-02 12:27:45:2745 [32minfo[39m: [32mGET /content_type 200 0.406 ms - 0[39m
2021-04-02 12:27:45:2745 [32minfo[39m: [32mGET /content_type 200 0.170 ms - 0[39m
2021-04-02 12:27:45:2745 [32minfo[39m: [32mGET /content_type 200 0.146 ms - 0[39m
2021-04-02 12:27:48:2748 [32minfo[39m: [32mGET /content_type 200 0.137 ms - 0[39m
2021-04-02 12:27:48:2748 [32minfo[39m: [32mGET /content_type_xml 200 0.138 ms - 0[39m
2021-04-02 12:27:48:2748 [32minfo[39m: [32mPOST /body_parser 200 0.168 ms - 22[39m
2021-04-02 12:27:48:2748 [32minfo[39m: [32mGET /content_type 200 0.226 ms - 0[39m
2021-04-02 12:27:49:2749 [32minfo[39m: [32mGET /content_type 200 0.140 ms - 0[39m
2021-04-02 12:27:58:2758 [32minfo[39m: [32mGET /content_type 200 1.063 ms - 0[39m
2021-04-02 12:27:58:2758 [32minfo[39m: [32mGET /content_type_xml 200 0.191 ms - 0[39m
2021-04-02 12:27:59:2759 [32minfo[39m: [32mGET /content_type 200 0.147 ms - 0[39m
2021-04-02 12:27:59:2759 [32minfo[39m: [32mPOST /body_parser 200 0.332 ms - 22[39m
2021-04-02 12:27:59:2759 [32minfo[39m: [32mGET /content_type 200 0.182 ms - 0[39m
