2021-04-02 04:50:35:5035 [31merror[39m: [31muncaughtException: Cannot find module 'express-prom-bundle'[39m
[31mRequire stack:[39m
[31m- /home/ftc-api/src/infrastructure/express/middlewares/metrics-middleware.ts[39m
[31m- /home/ftc-api/src/infrastructure/express/setup/app.ts[39m
[31m- /home/ftc-api/src/infrastructure/express/index.ts[39m
[31mError: Cannot find module 'express-prom-bundle'[39m
[31mRequire stack:[39m
[31m- /home/ftc-api/src/infrastructure/express/middlewares/metrics-middleware.ts[39m
[31m- /home/ftc-api/src/infrastructure/express/setup/app.ts[39m
[31m- /home/ftc-api/src/infrastructure/express/index.ts[39m
[31m    at Function.Module._resolveFilename (internal/modules/cjs/loader.js:880:15)[39m
[31m    at Function.Module._resolveFilename (/home/ftc-api/node_modules/tsconfig-paths/lib/register.js:75:40)[39m
[31m    at Function.Module._load (internal/modules/cjs/loader.js:725:27)[39m
[31m    at Module.require (internal/modules/cjs/loader.js:952:19)[39m
[31m    at require (internal/modules/cjs/helpers.js:88:18)[39m
[31m    at Object.<anonymous> (/home/ftc-api/src/infrastructure/express/middlewares/metrics-middleware.ts:1:20)[39m
[31m    at Module._compile (internal/modules/cjs/loader.js:1063:30)[39m
[31m    at Module._compile (/home/ftc-api/node_modules/source-map-support/source-map-support.js:547:25)[39m
[31m    at Module.m._compile (/tmp/ts-node-dev-hook-7336374245233304.js:69:33)[39m
[31m    at Module._extensions..js (internal/modules/cjs/loader.js:1092:10)[39m
